TN:
SF:src/app.ts
FN:23,initRedis
FNF:1
FNH:0
FNDA:0,initRedis
DA:1,3
DA:2,3
DA:3,3
DA:4,3
DA:5,3
DA:6,3
DA:7,3
DA:8,3
DA:9,3
DA:10,3
DA:12,3
DA:13,3
DA:23,3
DA:24,0
DA:26,3
LF:15
LH:14
BRF:0
BRH:0
end_of_record
TN:
SF:src/controllers/contact-controller.ts
FN:6,messagePost
FN:17,allTexts
FNF:2
FNH:0
FNDA:0,messagePost
FNDA:0,allTexts
DA:1,3
DA:4,3
DA:7,0
DA:8,0
DA:10,0
DA:11,0
DA:12,0
DA:14,0
DA:18,0
DA:19,0
DA:20,0
DA:21,0
DA:23,0
DA:24,0
DA:28,3
DA:33,3
LF:16
LH:4
BRF:0
BRH:0
end_of_record
TN:
SF:src/controllers/hello-controller.ts
FN:3,hello
FNF:1
FNH:0
FNDA:0,hello
DA:2,3
DA:4,0
DA:5,0
DA:6,0
DA:8,3
LF:5
LH:2
BRF:0
BRH:0
end_of_record
TN:
SF:src/controllers/session-controller.ts
FN:5,getAllSessions
FN:16,sessionByEmail
FN:27,sessionsPost
FNF:3
FNH:0
FNDA:0,getAllSessions
FNDA:0,sessionByEmail
FNDA:0,sessionsPost
DA:1,3
DA:3,3
DA:6,0
DA:7,0
DA:8,0
DA:11,0
DA:17,0
DA:18,0
DA:19,0
DA:20,0
DA:22,0
DA:28,0
DA:30,0
DA:31,0
DA:32,0
DA:34,0
DA:35,0
DA:37,0
DA:41,3
DA:47,3
LF:20
LH:4
BRDA:34,0,0,0
BRF:1
BRH:0
end_of_record
TN:
SF:src/controllers/track-controller.ts
FN:6,getAllTracks
FNF:1
FNH:0
FNDA:0,getAllTracks
DA:1,3
DA:4,3
DA:8,0
DA:9,0
DA:10,0
DA:12,0
DA:13,0
DA:17,3
DA:21,3
LF:9
LH:4
BRF:0
BRH:0
end_of_record
TN:
SF:src/controllers/user.controller.ts
FN:6,usersPost
FN:19,getAllUsers
FNF:2
FNH:2
FNDA:2,usersPost
FNDA:1,getAllUsers
DA:1,3
DA:4,3
DA:7,2
DA:8,2
DA:9,2
DA:10,1
DA:12,1
DA:13,1
DA:15,0
DA:20,1
DA:21,1
DA:22,1
DA:24,0
DA:30,3
DA:35,3
LF:15
LH:13
BRDA:12,0,0,1
BRF:1
BRH:1
end_of_record
TN:
SF:src/database/db.ts
FNF:0
FNH:0
DA:1,3
DA:3,3
DA:5,3
LF:3
LH:3
BRF:0
BRH:0
end_of_record
TN:
SF:src/database/redis.ts
FNF:0
FNH:0
DA:1,3
DA:2,3
LF:2
LH:2
BRF:0
BRH:0
end_of_record
TN:
SF:src/errors/duplicated-email-error.ts
FN:3,duplicatedEmailError
FNF:1
FNH:1
FNDA:1,duplicatedEmailError
DA:3,3
DA:4,1
LF:2
LH:2
BRF:0
BRH:0
end_of_record
TN:
SF:src/errors/invalid-credential-error.ts
FN:3,invalidCredentialsError
FNF:1
FNH:0
FNDA:0,invalidCredentialsError
DA:3,3
DA:4,0
LF:2
LH:1
BRF:0
BRH:0
end_of_record
TN:
SF:src/errors/unauthorized-error.ts
FN:3,unauthorizedError
FNF:1
FNH:0
FNDA:0,unauthorizedError
DA:3,3
DA:4,0
LF:2
LH:1
BRF:0
BRH:0
end_of_record
TN:
SF:src/middlewares/authentication-middleware.ts
FN:8,authenticateToken
FN:32,generateUnauthorizedResponse
FNF:2
FNH:0
FNDA:0,authenticateToken
FNDA:0,generateUnauthorizedResponse
DA:2,3
DA:3,3
DA:5,3
DA:6,3
DA:8,3
DA:9,0
DA:10,0
DA:12,0
DA:13,0
DA:15,0
DA:16,0
DA:18,0
DA:23,0
DA:25,0
DA:26,0
DA:28,0
DA:33,0
LF:17
LH:5
BRDA:10,0,0,0
BRDA:13,1,0,0
BRDA:23,2,0,0
BRF:3
BRH:0
end_of_record
TN:
SF:src/middlewares/validation-middleware.ts
FN:4,validateSchemaMiddleware
FN:5,(anonymous_1)
FNF:2
FNH:2
FNDA:9,validateSchemaMiddleware
FNDA:2,(anonymous_1)
DA:4,3
DA:5,9
DA:6,2
DA:7,2
DA:8,0
DA:12,2
LF:6
LH:5
BRDA:7,0,0,0
BRF:1
BRH:0
end_of_record
TN:
SF:src/repositories/contact-repository.ts
FN:3,sendText
FN:12,getAllTexts
FNF:2
FNH:0
FNDA:0,sendText
FNDA:0,getAllTexts
DA:1,3
DA:4,0
DA:13,0
DA:21,3
DA:26,3
LF:5
LH:3
BRF:0
BRH:0
end_of_record
TN:
SF:src/repositories/session-repository.ts
FN:3,allSessions
FN:7,getSessionByEmail
FN:16,create
FNF:3
FNH:0
FNDA:0,allSessions
FNDA:0,getSessionByEmail
FNDA:0,create
DA:1,3
DA:4,0
DA:8,0
DA:18,0
DA:29,3
DA:37,3
LF:6
LH:3
BRF:0
BRH:0
end_of_record
TN:
SF:src/repositories/track-repository.ts
FN:3,getAllTracks
FNF:1
FNH:0
FNDA:0,getAllTracks
DA:1,3
DA:4,0
DA:8,3
DA:12,3
LF:4
LH:3
BRF:0
BRH:0
end_of_record
TN:
SF:src/repositories/user-repository.ts
FN:3,create
FN:13,getUserByEmail
FN:19,getUserAll
FNF:3
FNH:3
FNDA:1,create
FNDA:2,getUserByEmail
FNDA:1,getUserAll
DA:1,3
DA:4,1
DA:14,2
DA:20,1
DA:24,3
DA:30,3
LF:6
LH:6
BRF:0
BRH:0
end_of_record
TN:
SF:src/routes/contact-router.ts
FNF:0
FNH:0
DA:1,3
DA:2,3
DA:3,3
DA:4,3
DA:5,3
DA:7,3
DA:8,3
DA:9,3
DA:10,3
DA:12,3
LF:10
LH:10
BRF:0
BRH:0
end_of_record
TN:
SF:src/routes/hello-router.ts
FNF:0
FNH:0
DA:1,3
DA:3,3
DA:5,3
DA:6,3
DA:8,3
LF:5
LH:5
BRF:0
BRH:0
end_of_record
TN:
SF:src/routes/session-route.ts
FNF:0
FNH:0
DA:1,3
DA:2,3
DA:3,3
DA:4,3
DA:6,3
DA:8,3
DA:9,3
DA:10,3
DA:12,3
LF:9
LH:9
BRF:0
BRH:0
end_of_record
TN:
SF:src/routes/track-route.ts
FNF:0
FNH:0
DA:1,3
DA:2,3
DA:3,3
DA:5,3
DA:6,3
DA:7,3
DA:9,3
LF:7
LH:7
BRF:0
BRH:0
end_of_record
TN:
SF:src/routes/user-router.ts
FNF:0
FNH:0
DA:1,3
DA:2,3
DA:3,3
DA:4,3
DA:6,3
DA:8,3
DA:9,3
DA:11,3
LF:8
LH:8
BRF:0
BRH:0
end_of_record
TN:
SF:src/schemas/contact-schema.ts
FNF:0
FNH:0
DA:1,3
DA:3,3
LF:2
LH:2
BRF:0
BRH:0
end_of_record
TN:
SF:src/schemas/session-schema.ts
FNF:0
FNH:0
DA:1,3
DA:3,3
LF:2
LH:2
BRF:0
BRH:0
end_of_record
TN:
SF:src/schemas/user-schema.ts
FNF:0
FNH:0
DA:1,3
DA:3,3
LF:2
LH:2
BRF:0
BRH:0
end_of_record
TN:
SF:src/services/contact-service.ts
FN:4,sendMessage
FN:12,allTexts
FNF:2
FNH:0
FNDA:0,sendMessage
FNDA:0,allTexts
DA:1,3
DA:6,0
DA:13,0
DA:14,0
DA:17,3
DA:22,3
LF:6
LH:3
BRF:0
BRH:0
end_of_record
TN:
SF:src/services/session-service.ts
FN:8,allSessions
FN:13,getOneSession
FN:18,createSession
FN:32,validatePasswordOrFail
FN:36,createToken
FNF:5
FNH:0
FNDA:0,allSessions
FNDA:0,getOneSession
FNDA:0,createSession
FNDA:0,validatePasswordOrFail
FNDA:0,createToken
DA:1,3
DA:2,3
DA:3,3
DA:4,3
DA:5,3
DA:6,3
DA:9,0
DA:10,0
DA:14,0
DA:15,0
DA:19,0
DA:20,0
DA:21,0
DA:22,0
DA:24,0
DA:25,0
DA:27,0
DA:29,0
DA:33,0
DA:34,0
DA:37,0
DA:38,0
DA:42,0
DA:45,3
DA:51,3
LF:25
LH:8
BRDA:21,0,0,0
BRDA:24,1,0,0
BRDA:34,2,0,0
BRF:3
BRH:0
end_of_record
TN:
SF:src/services/track-service.ts
FN:4,allTracks
FNF:1
FNH:0
FNDA:0,allTracks
DA:1,3
DA:5,0
DA:6,0
DA:9,3
DA:13,3
LF:5
LH:3
BRF:0
BRH:0
end_of_record
TN:
SF:src/services/user-service.ts
FN:5,createUser
FN:18,allUsers
FNF:2
FNH:2
FNDA:2,createUser
FNDA:1,allUsers
DA:1,3
DA:2,3
DA:3,3
DA:5,3
DA:6,2
DA:7,2
DA:8,2
DA:9,1
DA:11,1
DA:19,1
DA:20,1
DA:23,3
DA:28,3
LF:13
LH:13
BRDA:8,0,0,1
BRF:1
BRH:1
end_of_record
TN:
SF:tests/helpers.ts
FN:8,(anonymous_13)
FN:14,generateValidToken
FNF:2
FNH:1
FNDA:1,(anonymous_13)
FNDA:0,generateValidToken
DA:1,3
DA:4,3
DA:5,3
DA:6,3
DA:8,3
DA:14,3
DA:15,0
DA:16,0
DA:18,0
DA:20,0
LF:10
LH:6
BRDA:15,0,0,0
BRDA:15,0,1,0
BRF:2
BRH:0
end_of_record
TN:
SF:tests/factories/sessionFactory.ts
FN:5,createSession
FNF:1
FNH:0
FNDA:0,createSession
DA:2,3
DA:3,3
DA:5,3
DA:6,0
DA:8,0
LF:5
LH:3
BRF:0
BRH:0
end_of_record
TN:
SF:tests/factories/userFactory.ts
FN:5,createUser
FNF:1
FNH:1
FNDA:1,createUser
DA:1,3
DA:2,3
DA:5,3
DA:6,1
DA:7,1
DA:8,0
DA:16,1
LF:7
LH:6
BRDA:7,0,0,0
BRF:1
BRH:0
end_of_record
